<?xml version="1.0" encoding="UTF-8"?>
<!-- Generated by org.testng.reporters.JUnitReportReporter -->
<testsuite hostname="WIN-GTLVSHJM6A7" failures="0" tests="1" name="com.sagebrush.tests.ReservationTest" time="5.245" errors="0" timestamp="2023-02-27T19:45:45 EET" skipped="0">
  <testcase classname="com.sagebrush.tests.ReservationTest" name="bookReservation" time="5.245"/>
  <system-out/>
</testsuite> <!-- com.sagebrush.tests.ReservationTest -->
