<?xml version="1.0" encoding="UTF-8"?>
<!-- Generated by org.testng.reporters.JUnitReportReporter -->
<testsuite hostname="WIN-GTLVSHJM6A7" failures="0" tests="1" name="com.sagebrush.tests.MenuTest" time="6.899" errors="0" timestamp="2023-02-27T19:45:45 EET" skipped="0">
  <testcase classname="com.sagebrush.tests.MenuTest" name="desertsTest" time="6.899"/>
  <system-out/>
</testsuite> <!-- com.sagebrush.tests.MenuTest -->
